[20:07:25] [main/INFO] (FabricLoader/GameProvider) Loading Minecraft 1.20.1 with Fabric Loader 0.14.21
[20:07:25] [main/INFO] (FabricLoader) Loading 64 mods:
	- cobblemon 1.4.1+1.20.1-SNAPSHOT
	- cobblemon_gameslike 1.0.0
	- fabric-api 0.89.3+1.20.1
	- fabric-api-base 0.4.30+7abfd51577
	- fabric-api-lookup-api-v1 1.6.35+4d8536c977
	- fabric-biome-api-v1 13.0.11+0737cd8077
	- fabric-block-api-v1 1.0.10+92a0d36777
	- fabric-block-view-api-v2 1.0.0+92a0d36777
	- fabric-blockrenderlayer-v1 1.1.40+b3afc78b77
	- fabric-client-tags-api-v1 1.1.1+97bb207577
	- fabric-command-api-v1 1.2.33+f71b366f77
	- fabric-command-api-v2 2.2.12+b3afc78b77
	- fabric-commands-v0 0.2.50+df3654b377
	- fabric-containers-v0 0.1.63+df3654b377
	- fabric-content-registries-v0 4.0.10+57aed33f77
	- fabric-convention-tags-v1 1.5.4+a1a980da77
	- fabric-crash-report-info-v1 0.2.18+aeb40ebe77
	- fabric-data-generation-api-v1 12.3.1+0889cb7877
	- fabric-dimensions-v1 2.1.53+8536527b77
	- fabric-entity-events-v1 1.5.22+b3afc78b77
	- fabric-events-interaction-v0 0.6.1+e91849a877
	- fabric-events-lifecycle-v0 0.2.62+df3654b377
	- fabric-game-rule-api-v1 1.0.38+b04edc7a77
	- fabric-gametest-api-v1 1.2.12+b3afc78b77
	- fabric-item-api-v1 2.1.27+b3afc78b77
	- fabric-item-group-api-v1 4.0.10+23d9108177
	- fabric-key-binding-api-v1 1.0.36+fb8d95da77
	- fabric-keybindings-v0 0.2.34+df3654b377
	- fabric-lifecycle-events-v1 2.2.21+b3afc78b77
	- fabric-loot-api-v2 1.1.39+b3afc78b77
	- fabric-loot-tables-v1 1.1.43+9e7660c677
	- fabric-message-api-v1 5.1.7+3265161977
	- fabric-mining-level-api-v1 2.1.49+b3afc78b77
	- fabric-model-loading-api-v1 1.0.2+709a987177
	- fabric-models-v0 0.4.1+9386d8a777
	- fabric-networking-api-v1 1.3.10+eeb8eb3677
	- fabric-networking-v0 0.3.50+df3654b377
	- fabric-object-builder-api-v1 11.1.1+6beca84877
	- fabric-particles-v1 1.1.1+201a23a077
	- fabric-recipe-api-v1 1.0.20+b3afc78b77
	- fabric-registry-sync-v0 2.3.2+4df89eb277
	- fabric-renderer-api-v1 3.2.0+39a511ba77
	- fabric-renderer-indigo 1.5.0+39a511ba77
	- fabric-renderer-registries-v1 3.2.45+df3654b377
	- fabric-rendering-data-attachment-v1 0.3.36+92a0d36777
	- fabric-rendering-fluids-v1 3.0.27+b3afc78b77
	- fabric-rendering-v0 1.1.48+df3654b377
	- fabric-rendering-v1 3.0.7+b3afc78b77
	- fabric-resource-conditions-api-v1 2.3.5+ea08f9d877
	- fabric-resource-loader-v0 0.11.9+132c48c177
	- fabric-screen-api-v1 2.0.7+b3afc78b77
	- fabric-screen-handler-api-v1 1.3.29+b3afc78b77
	- fabric-sound-api-v1 1.0.12+b3afc78b77
	- fabric-transfer-api-v1 3.3.1+195226a777
	- fabric-transitive-access-wideners-v1 4.3.0+6c31357e77
	- fabricloader 0.14.21
	- generated_521db8c 1.0.0
	- generated_63dbf24 1.0.0
	- generated_9f88ff9 1.0.0
	- generated_b4cf224 1.0.0
	- generated_cfd501b 1.0.0
	- generated_ef52750 1.0.0
	- java 17
	- minecraft 1.20.1
[20:07:25] [main/INFO] (FabricLoader/Mixin) SpongePowered MIXIN Subsystem Version=0.8.5 Source=file:/C:/Users/Richard%20Lee/.gradle/caches/modules-2/files-2.1/net.fabricmc/sponge-mixin/0.12.5+mixin.0.8.5/8d31fb97c3e0cd7c8dad3441851c523bcfae6d8e/sponge-mixin-0.12.5+mixin.0.8.5.jar Service=Knot/Fabric Env=CLIENT
[20:07:26] [main/INFO] (FabricLoader/Mixin) Loaded Fabric development mappings for mixin remapper!
[20:07:26] [main/INFO] (FabricLoader/Mixin) Compatibility level set to JAVA_17
[20:07:27] [main/WARN] (PerfDataUtil) Failed to add PDH Counter: \Paging File(_Total)\% Usage, Error code: 0xC0000BB8
[20:07:27] [main/WARN] (PerfCounterQueryHandler) Failed to add counter for PDH counter: \Paging File(_Total)\% Usage
[20:07:27] [main/WARN] (PerfCounterQuery) Disabling further attempts to query Paging File.
[20:07:28] [main/WARN] (WmiQueryHandler) COM exception: Invalid Query: SELECT PERCENTUSAGE FROM Win32_PerfRawData_PerfOS_PagingFile
[20:07:31] [Datafixer Bootstrap/INFO] (Minecraft) 188 Datafixer optimizations took 130 milliseconds
[20:07:33] [Render thread/INFO] (Minecraft) Environment: authHost='https://authserver.mojang.com', accountsHost='https://api.mojang.com', sessionHost='https://sessionserver.mojang.com', servicesHost='https://api.minecraftservices.com', name='PROD'
[20:07:33] [Render thread/ERROR] (Minecraft) Failed to verify authentication
com.mojang.authlib.exceptions.InvalidCredentialsException: Status: 401
	at com.mojang.authlib.exceptions.MinecraftClientHttpException.toAuthenticationException(MinecraftClientHttpException.java:56) ~[authlib-4.0.43.jar:?]
	at com.mojang.authlib.yggdrasil.YggdrasilUserApiService.fetchProperties(YggdrasilUserApiService.java:156) ~[authlib-4.0.43.jar:?]
	at com.mojang.authlib.yggdrasil.YggdrasilUserApiService.<init>(YggdrasilUserApiService.java:55) ~[authlib-4.0.43.jar:?]
	at com.mojang.authlib.yggdrasil.YggdrasilAuthenticationService.createUserApiService(YggdrasilAuthenticationService.java:124) ~[authlib-4.0.43.jar:?]
	at net.minecraft.client.Minecraft.createUserApiService(Minecraft.java:733) ~[minecraft-merged-project-@fabric-1.20.1-loom.mappings.1_20_1.layered+hash.40359-v2.jar:?]
	at net.minecraft.client.Minecraft.<init>(Minecraft.java:442) ~[minecraft-merged-project-@fabric-1.20.1-loom.mappings.1_20_1.layered+hash.40359-v2.jar:?]
	at net.minecraft.client.main.Main.main(Main.java:211) ~[minecraft-merged-project-@fabric-1.20.1-loom.mappings.1_20_1.layered+hash.40359-v2.jar:?]
	at net.fabricmc.loader.impl.game.minecraft.MinecraftGameProvider.launch(MinecraftGameProvider.java:468) ~[fabric-loader-0.14.21.jar:?]
	at net.fabricmc.loader.impl.launch.knot.Knot.launch(Knot.java:74) ~[fabric-loader-0.14.21.jar:?]
	at net.fabricmc.loader.impl.launch.knot.KnotClient.main(KnotClient.java:23) ~[fabric-loader-0.14.21.jar:?]
	at net.fabricmc.devlaunchinjector.Main.main(Main.java:86) ~[dev-launch-injector-0.2.1+build.8.jar:?]
	at dev.architectury.transformer.TransformerRuntime.main(TransformerRuntime.java:219) ~[architectury-transformer-5.2.83-runtime.jar:?]
Caused by: com.mojang.authlib.exceptions.MinecraftClientHttpException: Status: 401
	at com.mojang.authlib.minecraft.client.MinecraftClient.readInputStream(MinecraftClient.java:85) ~[authlib-4.0.43.jar:?]
	at com.mojang.authlib.minecraft.client.MinecraftClient.get(MinecraftClient.java:48) ~[authlib-4.0.43.jar:?]
	at com.mojang.authlib.yggdrasil.YggdrasilUserApiService.fetchProperties(YggdrasilUserApiService.java:129) ~[authlib-4.0.43.jar:?]
	... 10 more
[20:07:33] [Render thread/INFO] (Minecraft) Setting user: Player224
[20:07:33] [Render thread/INFO] (Cobblemon) Booting LaxPermissionValidator, permissions will be checked using Minecrafts permission level system, see https://minecraft.fandom.com/wiki/Permission_level
[20:07:34] [Render thread/ERROR] (Minecraft) No data fixer registered for cobblemon:pokemon
[20:07:34] [Render thread/ERROR] (Minecraft) No data fixer registered for cobblemon:empty_pokeball
[20:07:34] [Render thread/ERROR] (Minecraft) No data fixer registered for cobblemon:boat
[20:07:34] [Render thread/ERROR] (Minecraft) No data fixer registered for cobblemon:chest_boat
[20:07:35] [Render thread/INFO] (Cobblemon) Starting the Best Spawner...
[20:07:35] [Render thread/INFO] (Cobblemon) Loaded 5 spawning condition types.
[20:07:35] [Render thread/INFO] (Cobblemon) Loaded 5 spawning context types.
[20:07:35] [Render thread/INFO] (Cobblemon) Loaded 1 spawn detail types.
[20:07:35] [Cobblemon Showdown/INFO] (Cobblemon) Starting showdown service...
[20:07:38] [Cobblemon Showdown/INFO] (Cobblemon) Showdown has been started!
[20:07:38] [Render thread/INFO] (Cobblemon) Note: Cobblemon data registries are only loaded once per server instance as Pokémon species are not safe to reload.
[20:07:38] [Render thread/INFO] (Cobblemon) Registered the cobblemon:species_features registry
[20:07:38] [Render thread/INFO] (Cobblemon) Registered the cobblemon:global_species_features registry
[20:07:38] [Render thread/INFO] (Cobblemon) Registered the cobblemon:species_feature_assignments registry
[20:07:38] [Render thread/INFO] (Cobblemon) Registered the cobblemon:moves registry
[20:07:38] [Render thread/INFO] (Cobblemon) Registered the cobblemon:abilities registry
[20:07:38] [Render thread/INFO] (Cobblemon) Registered the cobblemon:species registry
[20:07:38] [Render thread/INFO] (Cobblemon) Registered the cobblemon:species_additions registry
[20:07:38] [Render thread/INFO] (Cobblemon) Registered the cobblemon:pokeballs registry
[20:07:38] [Render thread/INFO] (Cobblemon) Registered the cobblemon:properties_tab_completion registry
[20:07:38] [Render thread/INFO] (Cobblemon) Registered the cobblemon:spawn_detail_presets registry
[20:07:38] [Render thread/INFO] (Cobblemon) Registered the cobblemon:mechanics registry
[20:07:38] [Render thread/INFO] (Cobblemon) Registered the cobblemon:bag_items registry
[20:07:38] [Render thread/INFO] (Cobblemon) Registered the cobblemon:spawn_pool_world registry
[20:07:38] [Render thread/INFO] (Cobblemon) Registered the cobblemon:berries registry
[20:07:38] [Render thread/INFO] (Cobblemon) Initializing Cobblemon client
[20:07:38] [Render thread/INFO] (Cobblemon) Registering Pokémon renderer
[20:07:38] [Render thread/INFO] (Cobblemon) Registering PokéBall renderer
[20:07:38] [Render thread/INFO] (Cobblemon) Registering Boat renderer
[20:07:38] [Render thread/INFO] (Cobblemon) Registering Boat with Chest renderer
[20:07:38] [Render thread/INFO] (Cobblemon) Registering custom BuiltinItemRenderers
[20:07:38] [Render thread/INFO] (Indigo) [Indigo] Registering Indigo renderer!
[20:07:39] [Render thread/INFO] (Minecraft) Backend library: LWJGL version 3.3.1 SNAPSHOT
[20:07:41] [Render thread/INFO] (Minecraft) Reloading ResourceManager: vanilla, fabric (fabric-api-base, fabric-model-loading-api-v1, fabric-convention-tags-v1, fabric-screen-api-v1, fabric-key-binding-api-v1, fabric-keybindings-v0, fabric-rendering-data-attachment-v1, fabric-particles-v1, fabric-events-lifecycle-v0, fabric-rendering-v1, fabric-mining-level-api-v1, fabric-item-api-v1, fabric-crash-report-info-v1, fabric-registry-sync-v0, fabric-models-v0, fabric-block-api-v1, fabric-content-registries-v0, fabric-dimensions-v1, fabric-rendering-v0, fabric-renderer-registries-v1, fabric-game-rule-api-v1, fabric-entity-events-v1, fabric-renderer-api-v1, fabric-block-view-api-v2, fabric-message-api-v1, fabric-sound-api-v1, cobblemon, fabric-commands-v0, fabric-api-lookup-api-v1, fabric-blockrenderlayer-v1, fabric-lifecycle-events-v1, fabric-command-api-v2, fabric-transfer-api-v1, fabric-resource-conditions-api-v1, fabric-events-interaction-v0, fabric-api, fabric-transitive-access-wideners-v1, fabric-networking-v0, fabric-gametest-api-v1, fabric-resource-loader-v0, fabric-biome-api-v1, fabric-networking-api-v1, fabric-containers-v0, fabric-command-api-v1, fabric-screen-handler-api-v1, fabric-object-builder-api-v1, fabric-loot-api-v2, fabric-loot-tables-v1, fabric-recipe-api-v1, fabric-data-generation-api-v1, fabricloader, fabric-renderer-indigo, fabric-rendering-fluids-v1, fabric-item-group-api-v1, fabric-client-tags-api-v1)
[20:07:41] [Worker-Main-2/INFO] (Minecraft) Found unifont_all_no_pua-15.0.06.hex, loading
[20:07:41] [Realms Notification Availability checker #1/INFO] (Minecraft) Could not authorize you against Realms server: Invalid session id
[20:07:42] [Render thread/WARN] (Minecraft) Missing sound for event: minecraft:item.goat_horn.play
[20:07:42] [Render thread/WARN] (Minecraft) Missing sound for event: minecraft:entity.goat.screaming.horn_break
[20:07:42] [Render thread/INFO] (Minecraft) OpenAL initialized on device OpenAL Soft on Speakers (FiiO KA1)
[20:07:42] [Render thread/INFO] (Minecraft) Sound engine started
[20:07:42] [Render thread/INFO] (Minecraft) Created: 1024x1024x4 minecraft:textures/atlas/blocks.png-atlas
[20:07:42] [Render thread/INFO] (Minecraft) Created: 256x256x4 minecraft:textures/atlas/signs.png-atlas
[20:07:42] [Render thread/INFO] (Minecraft) Created: 512x512x4 minecraft:textures/atlas/banner_patterns.png-atlas
[20:07:42] [Render thread/INFO] (Minecraft) Created: 512x512x4 minecraft:textures/atlas/shield_patterns.png-atlas
[20:07:42] [Render thread/INFO] (Minecraft) Created: 1024x1024x4 minecraft:textures/atlas/armor_trims.png-atlas
[20:07:42] [Render thread/INFO] (Minecraft) Created: 256x256x4 minecraft:textures/atlas/chest.png-atlas
[20:07:42] [Render thread/INFO] (Minecraft) Created: 128x64x4 minecraft:textures/atlas/decorated_pot.png-atlas
[20:07:42] [Render thread/INFO] (Minecraft) Created: 512x256x4 minecraft:textures/atlas/beds.png-atlas
[20:07:42] [Render thread/INFO] (Minecraft) Created: 512x256x4 minecraft:textures/atlas/shulker_boxes.png-atlas
[20:07:42] [Render thread/WARN] (Minecraft) Shader rendertype_entity_translucent_emissive could not find sampler named Sampler2 in the specified shader program.
[20:07:42] [Render thread/INFO] (Minecraft) Created: 512x256x0 minecraft:textures/atlas/particles.png-atlas
[20:07:42] [Render thread/WARN] (Minecraft) Missing particle sprites: cobblemon:metal_sparks
[20:07:42] [Render thread/INFO] (Minecraft) Created: 256x256x0 minecraft:textures/atlas/paintings.png-atlas
[20:07:42] [Render thread/INFO] (Minecraft) Created: 128x128x0 minecraft:textures/atlas/mob_effects.png-atlas
[20:07:42] [Render thread/INFO] (Minecraft) Created: 128x128x0 cobblemon:textures/atlas/berries.png-atlas
[20:07:42] [Render thread/INFO] (Cobblemon) Loading assets...
[20:07:42] [Render thread/INFO] (Cobblemon) Loading particle effects...
[20:07:42] [Render thread/INFO] (Cobblemon) Loaded 18 particle effects
[20:07:42] [Render thread/INFO] (Cobblemon) Loading animations...
[20:07:43] [Render thread/INFO] (Cobblemon) Loaded 3091 animations from 547 animation groups
[20:07:43] [Render thread/INFO] (Cobblemon) Loading Pokémon models...
[20:07:43] [Render thread/INFO] (Cobblemon) Loaded 631 Pokémon models.
[20:07:44] [Render thread/INFO] (Cobblemon) Loading Poké Ball models...
[20:07:44] [Render thread/INFO] (Cobblemon) Loaded 1 Poké Ball models.
[20:07:44] [Render thread/INFO] (Cobblemon) Loaded 71 berry models
[20:07:44] [Render thread/INFO] (Cobblemon) Loaded assets
[20:08:54] [Render thread/INFO] (Minecraft) Stopping!
